<?xml version="1.0" encoding="UTF-8"?>
<coverage generated="1565421299909" clover="3.2.0">
  <project timestamp="1565421299909" name="All files">
    <metrics statements="42" coveredstatements="39" conditionals="2" coveredconditionals="2" methods="22" coveredmethods="19" elements="66" coveredelements="60" complexity="0" loc="42" ncloc="42" packages="4" files="6" classes="6">
      <package name="src">
        <metrics statements="2" coveredstatements="2" conditionals="0" coveredconditionals="0" methods="1" coveredmethods="1"/>
        <file name="App.vue" path="C:\Users\Rucoalsu\Desktop\Project\test-paritet\src\App.vue">
          <metrics statements="1" coveredstatements="1" conditionals="0" coveredconditionals="0" methods="1" coveredmethods="1"/>
          <line num="11" count="2" type="stmt"/>
        </file>
        <file name="vuetify.js" path="C:\Users\Rucoalsu\Desktop\Project\test-paritet\src\vuetify.js">
          <metrics statements="1" coveredstatements="1" conditionals="0" coveredconditionals="0" methods="0" coveredmethods="0"/>
          <line num="4" count="2" type="stmt"/>
        </file>
      </package>
      <package name="src.components">
        <metrics statements="22" coveredstatements="19" conditionals="2" coveredconditionals="2" methods="8" coveredmethods="5"/>
        <file name="ControlForm.vue" path="C:\Users\Rucoalsu\Desktop\Project\test-paritet\src\components\ControlForm.vue">
          <metrics statements="8" coveredstatements="6" conditionals="0" coveredconditionals="0" methods="5" coveredmethods="3"/>
          <line num="31" count="4" type="stmt"/>
          <line num="37" count="6" type="stmt"/>
          <line num="40" count="0" type="stmt"/>
          <line num="45" count="6" type="stmt"/>
          <line num="48" count="0" type="stmt"/>
          <line num="52" count="2" type="stmt"/>
          <line num="57" count="1" type="stmt"/>
          <line num="60" count="1" type="stmt"/>
        </file>
        <file name="ControlInput.vue" path="C:\Users\Rucoalsu\Desktop\Project\test-paritet\src\components\ControlInput.vue">
          <metrics statements="14" coveredstatements="13" conditionals="2" coveredconditionals="2" methods="3" coveredmethods="2"/>
          <line num="30" count="22" type="stmt"/>
          <line num="36" count="4" type="stmt"/>
          <line num="37" count="4" type="stmt"/>
          <line num="38" count="4" type="stmt"/>
          <line num="39" count="4" type="stmt"/>
          <line num="42" count="3" type="cond" truecount="2" falsecount="0"/>
          <line num="43" count="1" type="stmt"/>
          <line num="45" count="2" type="stmt"/>
          <line num="47" count="3" type="stmt"/>
          <line num="50" count="1" type="stmt"/>
          <line num="51" count="1" type="stmt"/>
          <line num="57" count="22" type="stmt"/>
          <line num="58" count="22" type="stmt"/>
          <line num="61" count="0" type="stmt"/>
        </file>
      </package>
      <package name="src.store">
        <metrics statements="1" coveredstatements="1" conditionals="0" coveredconditionals="0" methods="0" coveredmethods="0"/>
        <file name="store.js" path="C:\Users\Rucoalsu\Desktop\Project\test-paritet\src\store\store.js">
          <metrics statements="1" coveredstatements="1" conditionals="0" coveredconditionals="0" methods="0" coveredmethods="0"/>
          <line num="5" count="1" type="stmt"/>
        </file>
      </package>
      <package name="src.store.modules">
        <metrics statements="17" coveredstatements="17" conditionals="0" coveredconditionals="0" methods="13" coveredmethods="13"/>
        <file name="control.js" path="C:\Users\Rucoalsu\Desktop\Project\test-paritet\src\store\modules\control.js">
          <metrics statements="17" coveredstatements="17" conditionals="0" coveredconditionals="0" methods="13" coveredmethods="13"/>
          <line num="1" count="2" type="stmt"/>
          <line num="7" count="2" type="stmt"/>
          <line num="9" count="1" type="stmt"/>
          <line num="12" count="1" type="stmt"/>
          <line num="15" count="1" type="stmt"/>
          <line num="18" count="1" type="stmt"/>
          <line num="21" count="2" type="stmt"/>
          <line num="23" count="1" type="stmt"/>
          <line num="26" count="1" type="stmt"/>
          <line num="29" count="1" type="stmt"/>
          <line num="30" count="1" type="stmt"/>
          <line num="33" count="1" type="stmt"/>
          <line num="36" count="2" type="stmt"/>
          <line num="38" count="1" type="stmt"/>
          <line num="41" count="1" type="stmt"/>
          <line num="44" count="1" type="stmt"/>
          <line num="47" count="1" type="stmt"/>
        </file>
      </package>
    </metrics>
  </project>
</coverage>
